Determining if the explicit_memset exist failed with the following output:
Change Dir: /home/ewaterhouse2004/liboqs/build/CMakeFiles/CMakeScratch/TryCompile-iConJJ

Run Build Command(s):/usr/bin/ninja cmTC_1d859 && [1/2] Building C object CMakeFiles/cmTC_1d859.dir/CheckSymbolExists.c.o
FAILED: CMakeFiles/cmTC_1d859.dir/CheckSymbolExists.c.o 
/usr/bin/cc   -fPIE -std=gnu11 -o CMakeFiles/cmTC_1d859.dir/CheckSymbolExists.c.o -c /home/ewaterhouse2004/liboqs/build/CMakeFiles/CMakeScratch/TryCompile-iConJJ/CheckSymbolExists.c
/home/ewaterhouse2004/liboqs/build/CMakeFiles/CMakeScratch/TryCompile-iConJJ/CheckSymbolExists.c: In function ‘main’:
/home/ewaterhouse2004/liboqs/build/CMakeFiles/CMakeScratch/TryCompile-iConJJ/CheckSymbolExists.c:8:19: error: ‘explicit_memset’ undeclared (first use in this function)
    8 |   return ((int*)(&explicit_memset))[argc];
      |                   ^~~~~~~~~~~~~~~
/home/ewaterhouse2004/liboqs/build/CMakeFiles/CMakeScratch/TryCompile-iConJJ/CheckSymbolExists.c:8:19: note: each undeclared identifier is reported only once for each function it appears in
ninja: build stopped: subcommand failed.


File CheckSymbolExists.c:
/* */
#include <string.h>

int main(int argc, char** argv)
{
  (void)argv;
#ifndef explicit_memset
  return ((int*)(&explicit_memset))[argc];
#else
  (void)argc;
  return 0;
#endif
}
Determining if the memset_s exist failed with the following output:
Change Dir: /home/ewaterhouse2004/liboqs/build/CMakeFiles/CMakeScratch/TryCompile-9fKsK2

Run Build Command(s):/usr/bin/ninja cmTC_b8cad && [1/2] Building C object CMakeFiles/cmTC_b8cad.dir/CheckSymbolExists.c.o
FAILED: CMakeFiles/cmTC_b8cad.dir/CheckSymbolExists.c.o 
/usr/bin/cc   -fPIE -std=gnu11 -o CMakeFiles/cmTC_b8cad.dir/CheckSymbolExists.c.o -c /home/ewaterhouse2004/liboqs/build/CMakeFiles/CMakeScratch/TryCompile-9fKsK2/CheckSymbolExists.c
/home/ewaterhouse2004/liboqs/build/CMakeFiles/CMakeScratch/TryCompile-9fKsK2/CheckSymbolExists.c: In function ‘main’:
/home/ewaterhouse2004/liboqs/build/CMakeFiles/CMakeScratch/TryCompile-9fKsK2/CheckSymbolExists.c:8:19: error: ‘memset_s’ undeclared (first use in this function); did you mean ‘memset’?
    8 |   return ((int*)(&memset_s))[argc];
      |                   ^~~~~~~~
      |                   memset
/home/ewaterhouse2004/liboqs/build/CMakeFiles/CMakeScratch/TryCompile-9fKsK2/CheckSymbolExists.c:8:19: note: each undeclared identifier is reported only once for each function it appears in
ninja: build stopped: subcommand failed.


File CheckSymbolExists.c:
/* */
#include <string.h>

int main(int argc, char** argv)
{
  (void)argv;
#ifndef memset_s
  return ((int*)(&memset_s))[argc];
#else
  (void)argc;
  return 0;
#endif
}
